<?xml version="1.0" encoding="UTF-8"?>
<!-- Generated by org.testng.reporters.JUnitReportReporter -->
<testsuite name="runner.Mytest" tests="2" time="19.032" ignored="0" failures="0" timestamp="11 Jan 2017 12:10:22 GMT" skipped="0" hostname="gyamishr" errors="0">
  <testcase name="feature" time="9.507" classname="runner.Mytest"/>
  <testcase name="feature" time="9.525" classname="runner.Mytest"/>
</testsuite> <!-- runner.Mytest -->
